# JRE version: OpenJDK Runtime Environment Temurin-17.0.11+9 (17.0.11+9) (build 17.0.11+9)
# Java VM: OpenJDK 64-Bit Server VM Temurin-17.0.11+9 (17.0.11+9, mixed mode, tiered, compressed oops, compressed class ptrs, parallel gc, linux-amd64)
GC Precious Log:
 CPUs: 2 total, 2 available
 Memory: 1556M
 Large Page Support: Disabled
 NUMA Support: Disabled
 Compressed Oops: Enabled (32-bit)
 Alignments: Space 512K, Generation 512K, Heap 2M
 Heap Min Capacity: 100M
 Heap Initial Capacity: 100M
 Heap Max Capacity: 1G
 Pre-touch: Disabled
 Parallel Workers: 2
Heap:
 PSYoungGen      total 10752K, used 10723K [0x00000000eab00000, 0x00000000ec380000, 0x0000000100000000)
  eden space 7168K, 100% used [0x00000000eab00000,0x00000000eb200000,0x00000000eb200000)
  from space 3584K, 99% used [0x00000000eb200000,0x00000000eb578e30,0x00000000eb580000)
  to   space 8192K, 0% used [0x00000000ebb80000,0x00000000ebb80000,0x00000000ec380000)
 ParOldGen       total 235520K, used 198628K [0x00000000c0000000, 0x00000000ce600000, 0x00000000eab00000)
  object space 235520K, 84% used [0x00000000c0000000,0x00000000cc1f9378,0x00000000ce600000)
 Metaspace       used 95673K, committed 97024K, reserved 1179648K
  class space    used 9368K, committed 9984K, reserved 1048576K
GC Heap History (20 events):
Event: 2901,941 GC heap before
{Heap before GC invocations=2919 (full 56):
 PSYoungGen      total 7680K, used 7661K [0x00000000eab00000, 0x00000000ebe00000, 0x0000000100000000)
  eden space 5632K, 100% used [0x00000000eab00000,0x00000000eb080000,0x00000000eb080000)
  from space 2048K, 99% used [0x00000000eb080000,0x00000000eb27b440,0x00000000eb280000)
  to   space 6656K, 0% used [0x00000000eb780000,0x00000000eb780000,0x00000000ebe00000)
 ParOldGen       total 235520K, used 174310K [0x00000000c0000000, 0x00000000ce600000, 0x00000000eab00000)
  object space 235520K, 74% used [0x00000000c0000000,0x00000000caa39a18,0x00000000ce600000)
 Metaspace       used 95673K, committed 97024K, reserved 1179648K
  class space    used 9368K, committed 9984K, reserved 1048576K
}
Event: 2902,023 GC heap after
{Heap after GC invocations=2919 (full 56):
 PSYoungGen      total 11264K, used 3808K [0x00000000eab00000, 0x00000000ebb80000, 0x0000000100000000)
  eden space 7168K, 0% used [0x00000000eab00000,0x00000000eab00000,0x00000000eb200000)
  from space 4096K, 92% used [0x00000000eb780000,0x00000000ebb38000,0x00000000ebb80000)
  to   space 4608K, 0% used [0x00000000eb280000,0x00000000eb280000,0x00000000eb700000)
 ParOldGen       total 235520K, used 176363K [0x00000000c0000000, 0x00000000ce600000, 0x00000000eab00000)
  object space 235520K, 74% used [0x00000000c0000000,0x00000000cac3ae58,0x00000000ce600000)
 Metaspace       used 95673K, committed 97024K, reserved 1179648K
  class space    used 9368K, committed 9984K, reserved 1048576K
}
Event: 2902,204 GC heap before
{Heap before GC invocations=2920 (full 56):
 PSYoungGen      total 11264K, used 10976K [0x00000000eab00000, 0x00000000ebb80000, 0x0000000100000000)
  eden space 7168K, 100% used [0x00000000eab00000,0x00000000eb200000,0x00000000eb200000)
  from space 4096K, 92% used [0x00000000eb780000,0x00000000ebb38000,0x00000000ebb80000)
  to   space 4608K, 0% used [0x00000000eb280000,0x00000000eb280000,0x00000000eb700000)
 ParOldGen       total 235520K, used 176363K [0x00000000c0000000, 0x00000000ce600000, 0x00000000eab00000)
  object space 235520K, 74% used [0x00000000c0000000,0x00000000cac3ae58,0x00000000ce600000)
 Metaspace       used 95673K, committed 97024K, reserved 1179648K
  class space    used 9368K, committed 9984K, reserved 1048576K
}
Event: 2902,223 GC heap after
{Heap after GC invocations=2920 (full 56):
 PSYoungGen      total 9728K, used 1792K [0x00000000eab00000, 0x00000000eb980000, 0x0000000100000000)
  eden space 7680K, 0% used [0x00000000eab00000,0x00000000eab00000,0x00000000eb280000)
  from space 2048K, 87% used [0x00000000eb280000,0x00000000eb440040,0x00000000eb480000)
  to   space 3072K, 0% used [0x00000000eb680000,0x00000000eb680000,0x00000000eb980000)
 ParOldGen       total 235520K, used 180080K [0x00000000c0000000, 0x00000000ce600000, 0x00000000eab00000)
  object space 235520K, 76% used [0x00000000c0000000,0x00000000cafdc2d8,0x00000000ce600000)
 Metaspace       used 95673K, committed 97024K, reserved 1179648K
  class space    used 9368K, committed 9984K, reserved 1048576K
}
Event: 2902,361 GC heap before
{Heap before GC invocations=2921 (full 56):
 PSYoungGen      total 9728K, used 9472K [0x00000000eab00000, 0x00000000eb980000, 0x0000000100000000)
  eden space 7680K, 100% used [0x00000000eab00000,0x00000000eb280000,0x00000000eb280000)
  from space 2048K, 87% used [0x00000000eb280000,0x00000000eb440040,0x00000000eb480000)
  to   space 3072K, 0% used [0x00000000eb680000,0x00000000eb680000,0x00000000eb980000)
 ParOldGen       total 235520K, used 180080K [0x00000000c0000000, 0x00000000ce600000, 0x00000000eab00000)
  object space 235520K, 76% used [0x00000000c0000000,0x00000000cafdc2d8,0x00000000ce600000)
 Metaspace       used 95673K, committed 97024K, reserved 1179648K
  class space    used 9368K, committed 9984K, reserved 1048576K
}
Event: 2902,425 GC heap after
{Heap after GC invocations=2921 (full 56):
 PSYoungGen      total 5632K, used 3066K [0x00000000eab00000, 0x00000000ec600000, 0x0000000100000000)
  eden space 2560K, 0% used [0x00000000eab00000,0x00000000eab00000,0x00000000ead80000)
  from space 3072K, 99% used [0x00000000eb680000,0x00000000eb97e8a0,0x00000000eb980000)
  to   space 9216K, 0% used [0x00000000ead80000,0x00000000ead80000,0x00000000eb680000)
 ParOldGen       total 235520K, used 185003K [0x00000000c0000000, 0x00000000ce600000, 0x00000000eab00000)
  object space 235520K, 78% used [0x00000000c0000000,0x00000000cb4aac48,0x00000000ce600000)
 Metaspace       used 95673K, committed 97024K, reserved 1179648K
  class space    used 9368K, committed 9984K, reserved 1048576K
}
Event: 2902,463 GC heap before
{Heap before GC invocations=2922 (full 56):
 PSYoungGen      total 5632K, used 5626K [0x00000000eab00000, 0x00000000ec600000, 0x0000000100000000)
  eden space 2560K, 99% used [0x00000000eab00000,0x00000000ead7fff8,0x00000000ead80000)
  from space 3072K, 99% used [0x00000000eb680000,0x00000000eb97e8a0,0x00000000eb980000)
  to   space 9216K, 0% used [0x00000000ead80000,0x00000000ead80000,0x00000000eb680000)
 ParOldGen       total 235520K, used 185003K [0x00000000c0000000, 0x00000000ce600000, 0x00000000eab00000)
  object space 235520K, 78% used [0x00000000c0000000,0x00000000cb4aac48,0x00000000ce600000)
 Metaspace       used 95673K, committed 97024K, reserved 1179648K
  class space    used 9368K, committed 9984K, reserved 1048576K
}
Event: 2902,507 GC heap after
{Heap after GC invocations=2922 (full 56):
 PSYoungGen      total 4608K, used 1552K [0x00000000eab00000, 0x00000000eb700000, 0x0000000100000000)
  eden space 2560K, 0% used [0x00000000eab00000,0x00000000eab00000,0x00000000ead80000)
  from space 2048K, 75% used [0x00000000ead80000,0x00000000eaf04010,0x00000000eaf80000)
  to   space 4096K, 0% used [0x00000000eb300000,0x00000000eb300000,0x00000000eb700000)
 ParOldGen       total 235520K, used 188098K [0x00000000c0000000, 0x00000000ce600000, 0x00000000eab00000)
  object space 235520K, 79% used [0x00000000c0000000,0x00000000cb7b0968,0x00000000ce600000)
 Metaspace       used 95673K, committed 97024K, reserved 1179648K
  class space    used 9368K, committed 9984K, reserved 1048576K
}
Event: 2902,553 GC heap before
{Heap before GC invocations=2923 (full 56):
 PSYoungGen      total 4608K, used 4112K [0x00000000eab00000, 0x00000000eb700000, 0x0000000100000000)
  eden space 2560K, 100% used [0x00000000eab00000,0x00000000ead80000,0x00000000ead80000)
  from space 2048K, 75% used [0x00000000ead80000,0x00000000eaf04010,0x00000000eaf80000)
  to   space 4096K, 0% used [0x00000000eb300000,0x00000000eb300000,0x00000000eb700000)
 ParOldGen       total 235520K, used 188098K [0x00000000c0000000, 0x00000000ce600000, 0x00000000eab00000)
  object space 235520K, 79% used [0x00000000c0000000,0x00000000cb7b0968,0x00000000ce600000)
 Metaspace       used 95673K, committed 97024K, reserved 1179648K
  class space    used 9368K, committed 9984K, reserved 1048576K
}
Event: 2902,603 GC heap after
{Heap after GC invocations=2923 (full 56):
 PSYoungGen      total 5120K, used 1760K [0x00000000eab00000, 0x00000000eb500000, 0x0000000100000000)
  eden space 3072K, 0% used [0x00000000eab00000,0x00000000eab00000,0x00000000eae00000)
  from space 2048K, 85% used [0x00000000eb300000,0x00000000eb4b8000,0x00000000eb500000)
  to   space 2560K, 0% used [0x00000000eb000000,0x00000000eb000000,0x00000000eb280000)
 ParOldGen       total 235520K, used 189258K [0x00000000c0000000, 0x00000000ce600000, 0x00000000eab00000)
  object space 235520K, 80% used [0x00000000c0000000,0x00000000cb8d2968,0x00000000ce600000)
 Metaspace       used 95673K, committed 97024K, reserved 1179648K
  class space    used 9368K, committed 9984K, reserved 1048576K
}
Event: 2902,666 GC heap before
{Heap before GC invocations=2924 (full 56):
 PSYoungGen      total 5120K, used 4832K [0x00000000eab00000, 0x00000000eb500000, 0x0000000100000000)
  eden space 3072K, 100% used [0x00000000eab00000,0x00000000eae00000,0x00000000eae00000)
  from space 2048K, 85% used [0x00000000eb300000,0x00000000eb4b8000,0x00000000eb500000)
  to   space 2560K, 0% used [0x00000000eb000000,0x00000000eb000000,0x00000000eb280000)
 ParOldGen       total 235520K, used 189258K [0x00000000c0000000, 0x00000000ce600000, 0x00000000eab00000)
  object space 235520K, 80% used [0x00000000c0000000,0x00000000cb8d2968,0x00000000ce600000)
 Metaspace       used 95673K, committed 97024K, reserved 1179648K
  class space    used 9368K, committed 9984K, reserved 1048576K
}
Event: 2902,687 GC heap after
{Heap after GC invocations=2924 (full 56):
 PSYoungGen      total 5120K, used 800K [0x00000000eab00000, 0x00000000eb380000, 0x0000000100000000)
  eden space 4096K, 0% used [0x00000000eab00000,0x00000000eab00000,0x00000000eaf00000)
  from space 1024K, 78% used [0x00000000eb000000,0x00000000eb0c8000,0x00000000eb100000)
  to   space 1536K, 0% used [0x00000000eb200000,0x00000000eb200000,0x00000000eb380000)
 ParOldGen       total 235520K, used 190936K [0x00000000c0000000, 0x00000000ce600000, 0x00000000eab00000)
  object space 235520K, 81% used [0x00000000c0000000,0x00000000cba763a8,0x00000000ce600000)
 Metaspace       used 95673K, committed 97024K, reserved 1179648K
  class space    used 9368K, committed 9984K, reserved 1048576K
}
Event: 2902,734 GC heap before
{Heap before GC invocations=2925 (full 56):
 PSYoungGen      total 5120K, used 4896K [0x00000000eab00000, 0x00000000eb380000, 0x0000000100000000)
  eden space 4096K, 100% used [0x00000000eab00000,0x00000000eaf00000,0x00000000eaf00000)
  from space 1024K, 78% used [0x00000000eb000000,0x00000000eb0c8000,0x00000000eb100000)
  to   space 1536K, 0% used [0x00000000eb200000,0x00000000eb200000,0x00000000eb380000)
 ParOldGen       total 235520K, used 190936K [0x00000000c0000000, 0x00000000ce600000, 0x00000000eab00000)
  object space 235520K, 81% used [0x00000000c0000000,0x00000000cba763a8,0x00000000ce600000)
 Metaspace       used 95673K, committed 97024K, reserved 1179648K
  class space    used 9368K, committed 9984K, reserved 1048576K
}
Event: 2902,747 GC heap after
{Heap after GC invocations=2925 (full 56):
 PSYoungGen      total 6144K, used 848K [0x00000000eab00000, 0x00000000eb300000, 0x0000000100000000)
  eden space 5120K, 0% used [0x00000000eab00000,0x00000000eab00000,0x00000000eb000000)
  from space 1024K, 82% used [0x00000000eb200000,0x00000000eb2d4010,0x00000000eb300000)
  to   space 1024K, 0% used [0x00000000eb100000,0x00000000eb100000,0x00000000eb200000)
 ParOldGen       total 235520K, used 191138K [0x00000000c0000000, 0x00000000ce600000, 0x00000000eab00000)
  object space 235520K, 81% used [0x00000000c0000000,0x00000000cbaa8be0,0x00000000ce600000)
 Metaspace       used 95673K, committed 97024K, reserved 1179648K
  class space    used 9368K, committed 9984K, reserved 1048576K
}
Event: 2903,197 GC heap before
{Heap before GC invocations=2926 (full 56):
 PSYoungGen      total 6144K, used 5968K [0x00000000eab00000, 0x00000000eb300000, 0x0000000100000000)
  eden space 5120K, 100% used [0x00000000eab00000,0x00000000eb000000,0x00000000eb000000)
  from space 1024K, 82% used [0x00000000eb200000,0x00000000eb2d4010,0x00000000eb300000)
  to   space 1024K, 0% used [0x00000000eb100000,0x00000000eb100000,0x00000000eb200000)
 ParOldGen       total 235520K, used 191138K [0x00000000c0000000, 0x00000000ce600000, 0x00000000eab00000)
  object space 235520K, 81% used [0x00000000c0000000,0x00000000cbaa8be0,0x00000000ce600000)
 Metaspace       used 95673K, committed 97024K, reserved 1179648K
  class space    used 9368K, committed 9984K, reserved 1048576K
}
Event: 2903,256 GC heap after
{Heap after GC invocations=2926 (full 56):
 PSYoungGen      total 7168K, used 994K [0x00000000eab00000, 0x00000000eba00000, 0x0000000100000000)
  eden space 6144K, 0% used [0x00000000eab00000,0x00000000eab00000,0x00000000eb100000)
  from space 1024K, 97% used [0x00000000eb100000,0x00000000eb1f8818,0x00000000eb200000)
  to   space 4608K, 0% used [0x00000000eb580000,0x00000000eb580000,0x00000000eba00000)
 ParOldGen       total 235520K, used 193942K [0x00000000c0000000, 0x00000000ce600000, 0x00000000eab00000)
  object space 235520K, 82% used [0x00000000c0000000,0x00000000cbd65b60,0x00000000ce600000)
 Metaspace       used 95673K, committed 97024K, reserved 1179648K
  class space    used 9368K, committed 9984K, reserved 1048576K
}
Event: 2903,368 GC heap before
{Heap before GC invocations=2927 (full 56):
 PSYoungGen      total 7168K, used 7051K [0x00000000eab00000, 0x00000000eba00000, 0x0000000100000000)
  eden space 6144K, 98% used [0x00000000eab00000,0x00000000eb0ea648,0x00000000eb100000)
  from space 1024K, 97% used [0x00000000eb100000,0x00000000eb1f8818,0x00000000eb200000)
  to   space 4608K, 0% used [0x00000000eb580000,0x00000000eb580000,0x00000000eba00000)
 ParOldGen       total 235520K, used 193942K [0x00000000c0000000, 0x00000000ce600000, 0x00000000eab00000)
  object space 235520K, 82% used [0x00000000c0000000,0x00000000cbd65b60,0x00000000ce600000)
 Metaspace       used 95673K, committed 97024K, reserved 1179648K
  class space    used 9368K, committed 9984K, reserved 1048576K
}
Event: 2903,412 GC heap after
{Heap after GC invocations=2927 (full 56):
 PSYoungGen      total 11264K, used 3246K [0x00000000eab00000, 0x00000000eb980000, 0x0000000100000000)
  eden space 7168K, 0% used [0x00000000eab00000,0x00000000eab00000,0x00000000eb200000)
  from space 4096K, 79% used [0x00000000eb580000,0x00000000eb8ab800,0x00000000eb980000)
  to   space 3584K, 0% used [0x00000000eb200000,0x00000000eb200000,0x00000000eb580000)
 ParOldGen       total 235520K, used 194944K [0x00000000c0000000, 0x00000000ce600000, 0x00000000eab00000)
  object space 235520K, 82% used [0x00000000c0000000,0x00000000cbe60378,0x00000000ce600000)
 Metaspace       used 95673K, committed 97024K, reserved 1179648K
  class space    used 9368K, committed 9984K, reserved 1048576K
}
Event: 2903,962 GC heap before
{Heap before GC invocations=2928 (full 56):
 PSYoungGen      total 11264K, used 10413K [0x00000000eab00000, 0x00000000eb980000, 0x0000000100000000)
  eden space 7168K, 99% used [0x00000000eab00000,0x00000000eb1fffd0,0x00000000eb200000)
  from space 4096K, 79% used [0x00000000eb580000,0x00000000eb8ab800,0x00000000eb980000)
  to   space 3584K, 0% used [0x00000000eb200000,0x00000000eb200000,0x00000000eb580000)
 ParOldGen       total 235520K, used 194944K [0x00000000c0000000, 0x00000000ce600000, 0x00000000eab00000)
  object space 235520K, 82% used [0x00000000c0000000,0x00000000cbe60378,0x00000000ce600000)
 Metaspace       used 95673K, committed 97024K, reserved 1179648K
  class space    used 9368K, committed 9984K, reserved 1048576K
}
Event: 2904,142 GC heap after
{Heap after GC invocations=2928 (full 56):
 PSYoungGen      total 10752K, used 3555K [0x00000000eab00000, 0x00000000ec380000, 0x0000000100000000)
  eden space 7168K, 0% used [0x00000000eab00000,0x00000000eab00000,0x00000000eb200000)
  from space 3584K, 99% used [0x00000000eb200000,0x00000000eb578e30,0x00000000eb580000)
  to   space 8192K, 0% used [0x00000000ebb80000,0x00000000ebb80000,0x00000000ec380000)
 ParOldGen       total 235520K, used 198628K [0x00000000c0000000, 0x00000000ce600000, 0x00000000eab00000)
  object space 235520K, 84% used [0x00000000c0000000,0x00000000cc1f9378,0x00000000ce600000)
 Metaspace       used 95673K, committed 97024K, reserved 1179648K
  class space    used 9368K, committed 9984K, reserved 1048576K
}

